Flow report for lab07_AC
Sun Nov 14 12:00:28 2021
Quartus Prime Version 20.1.1 Build 720 11/11/2020 SJ Lite Edition


---------------------
; Table of Contents ;
---------------------
  1. Legal Notice
  2. Flow Summary
  3. Flow Settings
  4. Flow Non-Default Global Settings
  5. Flow Elapsed Time
  6. Flow OS Summary
  7. Flow Log
  8. Flow Messages
  9. Flow Suppressed Messages



----------------
; Legal Notice ;
----------------
Copyright (C) 2020  Intel Corporation. All rights reserved.
Your use of Intel Corporation's design tools, logic functions 
and other software and tools, and any partner logic 
functions, and any output files from any of the foregoing 
(including device programming or simulation files), and any 
associated documentation or information are expressly subject 
to the terms and conditions of the Intel Program License 
Subscription Agreement, the Intel Quartus Prime License Agreement,
the Intel FPGA IP License Agreement, or other applicable license
agreement, including, without limitation, that your use is for
the sole purpose of programming logic devices manufactured by
Intel and sold by Intel or its authorized distributors.  Please
refer to the applicable agreement for further details, at
https://fpgasoftware.intel.com/eula.



+----------------------------------------------------------------------------------+
; Flow Summary                                                                     ;
+------------------------------------+---------------------------------------------+
; Flow Status                        ; Successful - Sun Nov 14 12:00:28 2021       ;
; Quartus Prime Version              ; 20.1.1 Build 720 11/11/2020 SJ Lite Edition ;
; Revision Name                      ; lab07_AC                                    ;
; Top-level Entity Name              ; pc                                          ;
; Family                             ; Cyclone IV E                                ;
; Device                             ; EP4CE115F29C7                               ;
; Timing Models                      ; Final                                       ;
; Total logic elements               ; 1,928 / 114,480 ( 2 % )                     ;
;     Total combinational functions  ; 1,430 / 114,480 ( 1 % )                     ;
;     Dedicated logic registers      ; 1,288 / 114,480 ( 1 % )                     ;
; Total registers                    ; 1288                                        ;
; Total pins                         ; 85 / 529 ( 16 % )                           ;
; Total virtual pins                 ; 0                                           ;
; Total memory bits                  ; 0 / 3,981,312 ( 0 % )                       ;
; Embedded Multiplier 9-bit elements ; 0 / 532 ( 0 % )                             ;
; Total PLLs                         ; 0 / 4 ( 0 % )                               ;
+------------------------------------+---------------------------------------------+


+-----------------------------------------+
; Flow Settings                           ;
+-------------------+---------------------+
; Option            ; Setting             ;
+-------------------+---------------------+
; Start date & time ; 11/14/2021 11:58:44 ;
; Main task         ; Compilation         ;
; Revision Name     ; lab07_AC            ;
+-------------------+---------------------+


+---------------------------------------------------------------------------------------------------------------------------------+
; Flow Non-Default Global Settings                                                                                                ;
+--------------------------------------+----------------------------------------+---------------+-------------+-------------------+
; Assignment Name                      ; Value                                  ; Default Value ; Entity Name ; Section Id        ;
+--------------------------------------+----------------------------------------+---------------+-------------+-------------------+
; COMPILER_SIGNATURE_ID                ; 24062491136.163690912326232            ; --            ; --          ; --                ;
; EDA_DESIGN_INSTANCE_NAME             ; NA                                     ; --            ; --          ; sevensegtestbench ;
; EDA_DESIGN_INSTANCE_NAME             ; NA                                     ; --            ; --          ; pctestbench       ;
; EDA_DESIGN_INSTANCE_NAME             ; NA                                     ; --            ; --          ; rftestbench       ;
; EDA_DESIGN_INSTANCE_NAME             ; NA                                     ; --            ; --          ; alutestbench      ;
; EDA_NATIVELINK_SIMULATION_TEST_BENCH ; pctestbench                            ; --            ; --          ; eda_simulation    ;
; EDA_OUTPUT_DATA_FORMAT               ; Verilog Hdl                            ; --            ; --          ; eda_simulation    ;
; EDA_SIMULATION_TOOL                  ; ModelSim-Altera (Verilog)              ; <None>        ; --          ; --                ;
; EDA_TEST_BENCH_ENABLE_STATUS         ; TEST_BENCH_MODE                        ; --            ; --          ; eda_simulation    ;
; EDA_TEST_BENCH_FILE                  ; sevensegtestbench.sv                   ; --            ; --          ; sevensegtestbench ;
; EDA_TEST_BENCH_FILE                  ; pctestbench.sv                         ; --            ; --          ; pctestbench       ;
; EDA_TEST_BENCH_FILE                  ; rftestbench.sv                         ; --            ; --          ; rftestbench       ;
; EDA_TEST_BENCH_FILE                  ; alutestbench.sv                        ; --            ; --          ; alutestbench      ;
; EDA_TEST_BENCH_MODULE_NAME           ; sevensegtestbench                      ; --            ; --          ; sevensegtestbench ;
; EDA_TEST_BENCH_MODULE_NAME           ; pctestbench                            ; --            ; --          ; pctestbench       ;
; EDA_TEST_BENCH_MODULE_NAME           ; rftestbench                            ; --            ; --          ; rftestbench       ;
; EDA_TEST_BENCH_MODULE_NAME           ; alutestbench                           ; --            ; --          ; alutestbench      ;
; EDA_TEST_BENCH_NAME                  ; alutestbench                           ; --            ; --          ; eda_simulation    ;
; EDA_TEST_BENCH_NAME                  ; rftestbench                            ; --            ; --          ; eda_simulation    ;
; EDA_TEST_BENCH_NAME                  ; pctestbench                            ; --            ; --          ; eda_simulation    ;
; EDA_TEST_BENCH_NAME                  ; sevensegtestbench                      ; --            ; --          ; eda_simulation    ;
; EDA_TIME_SCALE                       ; 1 ps                                   ; --            ; --          ; eda_simulation    ;
; MAX_CORE_JUNCTION_TEMP               ; 85                                     ; --            ; --          ; --                ;
; MIN_CORE_JUNCTION_TEMP               ; 0                                      ; --            ; --          ; --                ;
; NOMINAL_CORE_SUPPLY_VOLTAGE          ; 1.2V                                   ; --            ; --          ; --                ;
; PARTITION_COLOR                      ; -- (Not supported for targeted family) ; --            ; pc          ; Top               ;
; PARTITION_FITTER_PRESERVATION_LEVEL  ; -- (Not supported for targeted family) ; --            ; pc          ; Top               ;
; PARTITION_NETLIST_TYPE               ; -- (Not supported for targeted family) ; --            ; pc          ; Top               ;
; POWER_BOARD_THERMAL_MODEL            ; None (CONSERVATIVE)                    ; --            ; --          ; --                ;
; POWER_PRESET_COOLING_SOLUTION        ; 23 MM HEAT SINK WITH 200 LFPM AIRFLOW  ; --            ; --          ; --                ;
; PROJECT_OUTPUT_DIRECTORY             ; output_files                           ; --            ; --          ; --                ;
; TOP_LEVEL_ENTITY                     ; pc                                     ; lab07_AC      ; --          ; --                ;
+--------------------------------------+----------------------------------------+---------------+-------------+-------------------+


+--------------------------------------------------------------------------------------------------------------------------+
; Flow Elapsed Time                                                                                                        ;
+----------------------+--------------+-------------------------+---------------------+------------------------------------+
; Module Name          ; Elapsed Time ; Average Processors Used ; Peak Virtual Memory ; Total CPU Time (on all processors) ;
+----------------------+--------------+-------------------------+---------------------+------------------------------------+
; Analysis & Synthesis ; 00:00:23     ; 1.0                     ; 4770 MB             ; 00:00:48                           ;
; Fitter               ; 00:00:59     ; 1.0                     ; 5722 MB             ; 00:01:31                           ;
; Assembler            ; 00:00:06     ; 1.0                     ; 4693 MB             ; 00:00:06                           ;
; Timing Analyzer      ; 00:00:06     ; 1.2                     ; 4876 MB             ; 00:00:07                           ;
; EDA Netlist Writer   ; 00:00:02     ; 1.0                     ; 4657 MB             ; 00:00:02                           ;
; Total                ; 00:01:36     ; --                      ; --                  ; 00:02:34                           ;
+----------------------+--------------+-------------------------+---------------------+------------------------------------+


+------------------------------------------------------------------------------------+
; Flow OS Summary                                                                    ;
+----------------------+------------------+------------+------------+----------------+
; Module Name          ; Machine Hostname ; OS Name    ; OS Version ; Processor type ;
+----------------------+------------------+------------+------------+----------------+
; Analysis & Synthesis ; DESKTOP-NMAN06F  ; Windows 10 ; 10.0       ; x86_64         ;
; Fitter               ; DESKTOP-NMAN06F  ; Windows 10 ; 10.0       ; x86_64         ;
; Assembler            ; DESKTOP-NMAN06F  ; Windows 10 ; 10.0       ; x86_64         ;
; Timing Analyzer      ; DESKTOP-NMAN06F  ; Windows 10 ; 10.0       ; x86_64         ;
; EDA Netlist Writer   ; DESKTOP-NMAN06F  ; Windows 10 ; 10.0       ; x86_64         ;
+----------------------+------------------+------------+------------+----------------+


------------
; Flow Log ;
------------
quartus_map --read_settings_files=on --write_settings_files=off lab07_AC -c lab07_AC
quartus_fit --read_settings_files=off --write_settings_files=off lab07_AC -c lab07_AC
quartus_asm --read_settings_files=off --write_settings_files=off lab07_AC -c lab07_AC
quartus_sta lab07_AC -c lab07_AC
quartus_eda --read_settings_files=off --write_settings_files=off lab07_AC -c lab07_AC



